Loaded 42017 KOATUUs
Loaded 29391 cities
Name mismatch: <м.київ> <Київ> <Киев> 8000000000
Name mismatch: <коростенський район/м.коростень> <Коростень> <Коростень> 1822300000
Name mismatch: <дружківка> <Дружкі́вка> <Дружковка> 1411700000
Name mismatch: <євпаторія> <Євпаторія<br /><font size =-1>[[Кримськотатарська мова|крим.]] Kezlev</font>> <Евпатория> 110900000
Name mismatch: <ділове> <Рахів> <Рахов> 2123682501
Unknown KOATUU: <Хоростків> 6121651000
Unknown KOATUU: <Христинівка> 7124650100
Name mismatch: <хустський район/м.хуст> <Хуст> <Хуст> 2125300000
Name mismatch: <червоногригорівка> <Червоногриго́рівка> <Червоногригоровка> 1222955700
Unknown KOATUU: <Чигирин> 7125450100
Name mismatch: <чортків> <Чорткі́в> <Чортков> 6125510100
Name mismatch: <чугуївський район/м.чугуїв> <Чугуїв> <Чугуев> 6325400000
Name mismatch: <шепетівський район/м.шепетівка> <Шепетівка> <Шепетовка> 6825500000
Unknown KOATUU: <Шпола> 7125750100
Name mismatch: <токмацький район/м.токмак> <Токмак> <Токмак (Украина)> 2325200000
Unknown KOATUU: <Турбів> 0522255500
Name mismatch: <білопілля> <Улянівка> <Ульяновка (Белопольский район)> 5920610100
Name mismatch: <роменський район/м.ромни> <Ромни> <Ромны> 5924100000
Name mismatch: <славутський район/м.славута> <Славута> <Славута> 6823900000
Name mismatch: <м.севастополь> <Севастополь> <Севастополь> 8500000000
Unknown KOATUU: <Тальне> 7124050100
Name mismatch: <рожнятів> <Рожнятів надійно!> <Рожнятов> 2624855100
Name mismatch: <рудне> <Рудно> <Рудно> 4610165500
Unknown KOATUU: <Батурин> 7420355300
Unknown KOATUU: <Кам'янка> 7121850100
Name mismatch: <теплогірськ> <Ірміно> <Ирмино> 4413170800
Unknown KOATUU: <Федорівка> 0720581606
Unknown KOATUU: <Ватутіне> 7140200000
Unknown KOATUU: <Крижопіль> 0521955100
Unknown KOATUU: <Козелець> 7422055199
Unknown KOATUU: <Звенигородка> 7121250100
Unknown KOATUU: <Жашків> 7120950100
Unknown KOATUU: <Городище> 7120350100
Name mismatch: <глухівський район/м.глухів> <Глухів> <Глухов (город)> 5921500000
Name mismatch: <лебединський район/м.лебедин> <Лебедин> <Лебедин> 5922900000
Unknown KOATUU: <Миколаївка> 1414145400
Name mismatch: <макарів> <Мака́рів> <Макаров (Киевская область)> 3222755100
Name mismatch: <дунаєвецький район/м.дунаївці> <Дунаївці> <Дунаевцы> 6821800000
Name mismatch: <красилівський район/м.красилів> <Красилів> <Красилов> 6822700000
Name mismatch: <малинський район/м.малин> <Малин> <Малин (Житомирская область)> 1823400000
Unknown KOATUU: <Літин> 0522455100
Name mismatch: <андрушівка> <Андруші́вка> <Андрушёвка> 1820310100
Name mismatch: <валки> <'''Ва́лки'''> <Валки (Харьковская область)> 6321210100
Name mismatch: <ульянівка> <Улянівка> <> 4412391005
Unknown KOATUU: <Набоків> 7120350102
Unknown KOATUU: <'''П'ятидні'''> 0720584801
Unknown KOATUU: <Мирний> 0110945600
Name mismatch: <виноградний> <Виноградне> <> 110391803
Unknown KOATUU: <Лівадія> 0111947900
Unknown KOATUU: <Заозерне> 0110945300
Unknown KOATUU: <Добромиль> 625110300
Name mismatch: <золочівський район/смт золочів> <Золочів> <Золочев (Харьковская область)> 6322600000
Unknown KOATUU: <Обухів> 3223110100
Name mismatch: <коломак> <Коло́мак> <Коломак (Харьковская область)> 6323255100
Name mismatch: <калуський район/м.калуш> <Калуш> <Калуш> 2622800000
Unknown KOATUU: <Красноград> 6323350100
Unknown KOATUU: <Перемишляни> 4623350100
Name mismatch: <великомежиріцька/с.великі межирічі> <Великі Межирічі> <> 5623081000
Unknown KOATUU: <Кобильня> 0522282602
Name mismatch: <іванівка> <Іванівка ім Св. Володимира> <> 5623083001
Unknown KOATUU: <Богоду́хів> 6320850100
Unknown KOATUU: <Качківка> 0525682801
Name mismatch: <краснокутськ> <Красноку́тськ> <Краснокутск (Харьковская область)> 6323555100
Name mismatch: <лутугине> <Луту́гине> <Лутугино> 4422210100
Name mismatch: <сміле> <Сміле (Геровка)> <Смелое (Роменский район)> 5924188801
Unknown KOATUU: <Монастирище> 7123450100
Name mismatch: <полкова микитівка> <Полкова́ Мики́тівка> <Полковая Никитовка (Богодуховский район)> 6320887001
Unknown KOATUU: <Верхівцеве> 1221010300[]
Name mismatch: <баворівська/с.баворів> <Баворів> <> 6125280300
Unknown KOATUU: <Вижниця> 7720550100
Unknown KOATUU: <Мигалки> 321085001
Unknown KOATUU: <Красностав> 0720582201
Unknown KOATUU: <Українка> 3223151000
Name mismatch: <сираї> <Сираї (нині Архіпелаг Шедоус)> <> 7422089301
Unknown KOATUU: <Копичинці> 6121650400
Unknown KOATUU: <Дубрівка> [http://www.cvk.gov.ua/pls/vd2002/WEBPROC136V?kodvib=400&vkp1=18206&vid111=91 1820681801]
Name mismatch: <дубовецька/с.дубівці> <Дубівці> <> 6125283100
Unknown KOATUU: <Чернече> 7125450101
Unknown KOATUU: <Будки> 0723680601
Name mismatch: <щербашинці> <Щербашенці> <> 3220688401
Name mismatch: <гути> <Гу́ти> <Гуты (Богодуховский район)> 6320855300
Name mismatch: <бабаки> <Бабаки́> <Бабаки (Богодуховский район)> 6320882002
Name mismatch: <павлівка> <Павлі́вка> <Павловка (Богодуховский район)> 6320886001
Name mismatch: <крупчине> <Крупчине́> <Крупчино (Богодуховский район)> 6320887504
Name mismatch: <кручик> <Кру́чик> <Кручик (Богодуховский район)> 6320886002
Name mismatch: <куп'єваха> <Куп'єва́ха> <Купьеваха (Богодуховский район)> 6320885501
Name mismatch: <леськівка> <Ле́ськівка> <Леськовка (Богодуховский район)> 6320883002
Name mismatch: <лозова> <Лозова́> <Лозовая (Богодуховский район)> 6320882503
Name mismatch: <матвіївка> <Матві́ївка> <Матвеевка (Богодуховский район)> 6320882004
Name mismatch: <мерло> <Ме́рло> <Мерло (Богодуховский район)> 6320884503
Name mismatch: <миролюбівка> <Миролю́бівка> <Миролюбовка (Богодуховский район)> 6320886003
Name mismatch: <новоселівка> <Новосе́лівка> <Новоселовка (Богодуховский район, Забродовский сельский совет)> 6320882504
Name mismatch: <новоселівка> <Новосе́лівка> <Новоселовка (Богодуховский район, Крысиновский сельский совет)> 6320885005
Name mismatch: <новософіївка> <Новософі́ївка> <Новософиевка (Богодуховский район)> 6320882005
Name mismatch: <новоукраїнка> <Новоукраї́нка> <Новоукраинка (Богодуховский район)> 6320882006
Name mismatch: <олександрівка> <Олекса́ндрівка> <Александровка (Богодуховский район)> 6320880501
Name mismatch: <первухинка> <Перву́хинка> <Первухинка (Богодуховский район)> 6320855302
Name mismatch: <першотравневе> <Першотравне́ве (до 1920 року - Карлівка)> <Першотравневое (село, Богодуховский район)> 6320855303
Name mismatch: <петропавлівка> <Петропа́влівка> <Петропавловка (Богодуховский район)> 6320886501
Name mismatch: <пісочин> <Пісочи́н> <Песочин (Богодуховский район)> 6320884504
Name mismatch: <ріпки> <Рі́пки> <Репки (Богодуховский район)> 6320887505
Name mismatch: <сазоно-баланівка> <Са́зоно-Бала́нівка> <Сазоно-Балановка (Богодуховский район)> 6320887501
Name mismatch: <сінне> <Сінне́> <Сенное (Богодуховский район)> 6320888001
Name mismatch: <скосогорівка> <Скосого́рівка> <Скосогоровка (Богодуховский район)> 6320888115
Name mismatch: <сухини> <Сухини́> <Сухины (Богодуховский район)> 6320888101
Name mismatch: <тимофіївка> <Тимофі́ївка> <Тимофеевка (Богодуховский район)> 6320883503
Name mismatch: <філатове> <Філа́тове> <Филатово (Богодуховский район)> 6320882505
Name mismatch: <хрущова микитівка> <Хрущова́ Мики́тівка> <Хрущовая Никитовка (Богодуховский район)> 6320888501
Name mismatch: <шигимагине> <Шигима́гине> <Шигимагино (Богодуховский район)> 6320884506
Name mismatch: <шийчине> <Ши́йчине> <Шийчино (Богодуховский район)> 6320888002
Name mismatch: <шкарлати> <Шкарлати́> <Шкарлаты (Богодуховский район)> 6320888315
Name mismatch: <шуби> <Шу́би> <Шубы (Богодуховский район)> 6320888003
Name mismatch: <щербаки> <Щербаки́> <Щербаки (Богодуховский район)> 6320882007
Name mismatch: <яблучне> <Я́блучне> <Яблочное (Богодуховский район)> 6320886506
Name mismatch: <балабанівка> <Балаба́нівка> <Балабановка (Богодуховский район)> 6320886503
Name mismatch: <володарівка> <Волода́рівка> <Володаровка (Богодуховский район)> 6320884502
Name mismatch: <гавриші> <Гавриші́> <Гавриши (Богодуховский район)> 6320888105
Name mismatch: <горького> <Го́рького> <Горького (Богодуховский район)> 6320887503
Name mismatch: <крупської> <Кру́пської> <Крупской (Богодуховский район)> 6320888309
Name mismatch: <максимівка> <Макси́мівка> <Максимовка (Богодуховский район)> 6320885004
Name mismatch: <першотравневе> <Першотравне́ве> <Першотравневое (посёлок, Богодуховский район)> 6320855703
Name mismatch: <степне> <Степне́> <Степное (Богодуховский район)> 6320888205
Name mismatch: <таверівка> <Та́верівка> <Таверовка (Богодуховский район)> 6320884505
Name mismatch: <улянівка> <Уля́нівка> <Ульяновка (Богодуховский район)> 6320888301
Name mismatch: <вишеньки> <Вишнівчик> <> 6125081302
Unknown KOATUU: <Зарваниця> 6125081303
Unknown KOATUU: <Сапова> 6125081304
Name mismatch: <семенів> <Зеленче> <> 6125086603
Unknown KOATUU: <Красненьке> 0521283903
Name mismatch: <михайлючка> <Судилків> <> 6825584601
Unknown KOATUU: <Лісники> 6120450101
Name mismatch: <нараів> <Нараїв> <> 6120485101
Name mismatch: <голендра> <Волєндра> <> 6124887303
Unknown KOATUU: <Лиса> 6124885803
Name mismatch: <полянська/с.поляна> <Поляна> <> 2124084400
Name mismatch: <котовський район/м.котовськ> <Котовськ> <Котовск (Одесская область)> 5122900000
Unknown KOATUU: <Липовець> 522255100
Unknown KOATUU: <Верхняківці> 6120882403
Name mismatch: <мар'янівка> <Мар'янівкa> <Марьяновка (Волынская область)> 720855400
Name mismatch: <знам'янський район/м.знам'янка> <Знам'янка> <Знаменка (город)> 3522200000
Name mismatch: <чернихівська/с.чернихів> <Плесківці> <> 6122689500
Unknown KOATUU: <Рованці> 0722880707
Name mismatch: <куп'янський район/м.куп'янськ> <Куп'янськ> <Купянск> 6323700000
Name mismatch: <зміїв> <Змі́їв> <Змиёв> 6321710100
Unknown KOATUU: <Дзвенигород> 6120883602
Unknown KOATUU: <Латківці> 6120883604
Unknown KOATUU: <Урожайне> 6120883605
Unknown KOATUU: <Рай> 6120450102
Name mismatch: <велика костромка> <Кам'янка> <> 1220381101
Name mismatch: <нива трудова> <Перше Травня> <> 1220387701
Unknown KOATUU: <Гаї-Шевченківські> 6125284507
Unknown KOATUU: <Вільнянськ> 2321550000
Name mismatch: <кононівка> <Ковалівка> <> 7120685501
Name mismatch: <мойсівка> <Остапівка> <> 7120687101
Name mismatch: <катеринівка> <Михайло-Заводське> <> 1220386602
Unknown KOATUU: <Мар'янівка> 6125283702
Name mismatch: <прощова> <Прошова> <> 6125287402
Unknown KOATUU: <Шляхтинці> 6125284502
Name mismatch: <чистілів> <Чистилів> <> 6125289701
Name mismatch: <середняки> <Середняки́> <Середняки (Гадячский район)> 5320487501
Name mismatch: <мельниківська/с.мельники> <Мельники> <> 7125186400
Unknown KOATUU: <Петриківка> 12 237 551
Name mismatch: <білявинці> <Берем’яни> <> 6121287402
Unknown KOATUU: <Курортне> 4341655200
Name mismatch: <новоульянівка> <Новоульяновка> <Новоульяновка (Бахчисарайский район)> 120455304
Name mismatch: <матвіївська/с.матвіївка> <Матвіївка> <> 2321583600
Unknown KOATUU: <Єрмакове> 4321180601
Name mismatch: <рудня-тальська> <Ру́дня-Та́льська> <> 3222086402
Name mismatch: <дубка> <Дубки> <> 2621680803
Name mismatch: <богачівка> <Багачівка> <> 7121280401
Unknown KOATUU: <Добровляни> 2622885603
Name mismatch: <підгороддя> <Підгоро́ддя> <> 2624484401
Unknown KOATUU: <Сливки> 2624885201{{ref|1}}
Name mismatch: <нижнє лозове> <Нижнє Лозове <br/> Скельове> <Нижнее Лозовое> 1420986002
Name mismatch: <іскра> <І́скра> <Искра (Донецкая область)> 1421281801
Name mismatch: <октябрьське> <Октябрське> <> 1421284001
Name mismatch: <октябрьське> <Октябрське> <Октябрьское (Володарский район)> 1421787002
Name mismatch: <вороненко> <Вороненка> <> 2611093003
Unknown KOATUU: <Астей> 2120486002
Name mismatch: <октябрьське> <Октябрське> <Октябрьское (Волновахский район)> 1421585601
Name mismatch: <азовське> <Агробаза> <> 1423955501
Name mismatch: <бабах-тарама> <Баба́х-Тарама́> <> 1423985502
Unknown KOATUU: <Петропавлівка> 12 238 551
Unknown KOATUU: <Забрідь> 2120855101
Name mismatch: <гетиня> <Гетиня (на угорській - Tiszahetény)> <> 2121285902
Unknown KOATUU: <Дюла> 2121286203
Unknown KOATUU: <Пушкіно> 2121283903
Name mismatch: <слобода-дашковецька> <Слобода- Дашковецька> <Слобода-Дашковецкая> 520683306
Name mismatch: <стадниця> <Велика Стадниця> <Стадница (Винницкий район)> 520687303
Name mismatch: <тисалово> <Тисолове> <> 2124485302
Name mismatch: <кузнеци> <Кузнеці> <Кузнецы (Новоазовский район Донецкой области)> 1423686007
Unknown KOATUU: <Кіреші> 2110800002
Unknown KOATUU: <Зарічне> 2110800001
Unknown KOATUU: <Чертіж> 2110800003
Name mismatch: <кам'янка> <Кам'янка(Майдан Курилівський)> <Каменка (Литинский район)> 522485802
Unknown KOATUU: <Трибухи> 522486901
Unknown KOATUU: <Самчинці> 523084204
Name mismatch: <костилівка> <Костилі́вка> <> 2123684001
Name mismatch: <одаї> <Одая> <Одаи (Тульчинский район)> 524380802
Name mismatch: <улянівка> <Ульянівка> <> 524382202
Name mismatch: <хмельницьке> <Федьківка> <> 524382908
Name mismatch: <володимирка> <Володимирівка> <Владимирка (Шаргородский район)> 525381204
Name mismatch: <грищинці> <Грищенці> <> 7122082001
Name mismatch: <ромейкове> <Ромейково> <> 7122281503
Unknown KOATUU: <Новоівницьке> 1820384804
Name mismatch: <вільхівка> <Ольхівка> <Ольховка (Житомирская область)> 1821782405
Name mismatch: <заріччя> <Заріччя (Шваби, Застав'є)> <Заречье (Овручский район)> 1824282501
Name mismatch: <корчівці> <Корчівці, Kortschiwzi> <> 7321083001
Name mismatch: <білогородка> <[[Білогородка]]> <Белогородка]])[[село]] в [[Україна|Україні]] в [[Ізяславський район|Ізялавського району]] [[Хмельницька область|Хмельницької області]], центр [[сільська рада|сільської ради]]. Розташоване на річці [[Видава (річка)|Видаві]] за 23 [[км]] на південний захід від [[Ізяслав]]а та за 2,5 км від [[залізнична станція|залізничної станції]] Білогородка. Населення&nbsp;— 1 641 чоловік (на [[1 січня]][[ 2008> 6822180701
Name mismatch: <омелянівка> <Омелянівка (Емельяновка - рус.)> <Омеляновка (Житомирская область)> 1823482806
Unknown KOATUU: <Зоряне> 1825255102
Unknown KOATUU: <Батьківщина> 1823787302
Unknown KOATUU: <Буда-Голубієвичі> 1823782002
Unknown KOATUU: <Васьківці> 1823782003
Unknown KOATUU: <Вила> 1823782004
Unknown KOATUU: <Ганнівка> 1823787303
Unknown KOATUU: <Голубієвичі> 1823782001
Unknown KOATUU: <Гута-Ксаверівська> 1823787304
Unknown KOATUU: <Журавлинка> 1823787306
Unknown KOATUU: <Заводне> 1823782005
Unknown KOATUU: <Калинівка> 1823787307
Unknown KOATUU: <Любарка> 1823787308
Name mismatch: <дубляни> <Великі Грибовичі> <> 4622710200
Unknown KOATUU: <Недашківка> 1823782006
Unknown KOATUU: <Розсохівське> 1823787301
Unknown KOATUU: <Рудня-Кам'янка> 1823787305
Name mismatch: <березці> <[[Березці]]> <Березцы (Украина)> 1825085502
Name mismatch: <мирошниківка> <Мірошниківка> <> 7122583902
Name mismatch: <притульці> <Прутильці> <> 7122586305
Name mismatch: <паланочки> <Паланочка> <> 7123186301
Name mismatch: <аврамівка> <Летичівка> <> 7123480301
Name mismatch: <пастирське> <Пастирград> <> 7123786001
Name mismatch: <гута межирицька> <Гута Межиріцька> <> 7124984003
Name mismatch: <тубільці> <Ту́більці> <> 7124987501
Name mismatch: <ставківка> <Савківка> <> 7125155101
Name mismatch: <поляна> <Поляна (Poljana)> <> 7325086601
Name mismatch: <першотравенськ> <Першотравенськ[[Файл:Pershotravensk_znak.jpg|290px|]]> <Першотравенск (Житомирская область)> 1820656000
Unknown KOATUU: <Браги́нівка> 12238553
Name mismatch: <софіївка> <Малотаранівка> <> 1412946800
Name mismatch: <бутенки> <Буте́нки> <Бутенки (Кобелякский район)> 5321880701
Unknown KOATUU: <Хмелівка> 6825480203
Unknown KOATUU: <Березне> 6825480203
Unknown KOATUU: <Білокриниччя> 6825480203
Unknown KOATUU: <Білопіль> 6825480203
Unknown KOATUU: <Воровське> 1424587502
Unknown KOATUU: <Кам'янка> 1424587503
Unknown KOATUU: <Кам'янка> 1424587503
Unknown KOATUU: <Олександрівка> 1424582408
Unknown KOATUU: <Широке> 1424587506
Name mismatch: <лисин> <[[Лисин]]> <> 5621485509
Name mismatch: <лідава> <Лідаво> <> 5622687606
Name mismatch: <новоукраїнка> <Новоукраїнкa> <> 5623885501
Name mismatch: <плоске> <Плоска> <> 5624286701
Name mismatch: <михайлівка> <Михайлівка<br/>Michalovka> <> 5624683305
Unknown KOATUU: <Амбуків> 0720583403
Unknown KOATUU: <Бегета> 0720580803
Unknown KOATUU: <Березовичі> 0720580801
Unknown KOATUU: <Білин> 0720580401
Unknown KOATUU: <Бобичі> 0720580805
Unknown KOATUU: <Бубнів> 0720581301
Unknown KOATUU: <Верба> 0720584402
Unknown KOATUU: <Володимирівка> 0720583202
Unknown KOATUU: <Воля-Свійчівська> 0720581503
Unknown KOATUU: <Ворчин> 0720581803
Unknown KOATUU: <Вощатин> 0720582802
Unknown KOATUU: <Гевин> 0720581505
Unknown KOATUU: <Галинівка> 0720581501
Unknown KOATUU: <Горичів> 0720582002
Unknown KOATUU: <Дігтів> 0720581602
Unknown KOATUU: <Жовтневе> 0720584403
Unknown KOATUU: <Заріччя> 0720581601
Unknown KOATUU: <Зимне> 0720582001
Unknown KOATUU: <Зоря> 0720581801
Unknown KOATUU: <Ізов> 0720585003
Unknown KOATUU: <Кладнів> 0720584002
Unknown KOATUU: <Когильне> 0720583203
Unknown KOATUU: <Коритниця> 0720584003
Unknown KOATUU: <Ласків> 0720582801
Unknown KOATUU: <Ліски> 0720580407
Unknown KOATUU: <Лудин> 0720583401
Unknown KOATUU: <Льотниче> 0720583201
Unknown KOATUU: <Людмильпіль> 0720582205
Unknown KOATUU: <Марія-Воля> 0720585302
Unknown KOATUU: <Маркелівка> 0720584404
Unknown KOATUU: <Маркостав> 0720581302
Unknown KOATUU: <Микитичі> 0720584001
Unknown KOATUU: <Міжлісся> 0720580807
Unknown KOATUU: <Новини> 0720584004
Unknown KOATUU: <Новосілки> 0720581603
Unknown KOATUU: <Овадно> 0720584401
Unknown KOATUU: <Октавин> 0720582003
Unknown KOATUU: <Орані> 0720581604
Unknown KOATUU: <Острівок> 0720583204
Unknown KOATUU: <Охнівка> 0720580409
Unknown KOATUU: <Писарева Воля> 0720580411
Unknown KOATUU: <Поничів> 0720583205
Unknown KOATUU: <Рогожани> 0720585001
Unknown KOATUU: <Рокитниця> 0720583409
Unknown KOATUU: <Свійчів> 0720581507
Unknown KOATUU: <Селець> 0720585301
Unknown KOATUU: <Селіски> 0720581805
Unknown KOATUU: <Суходоли> 0720581605
Unknown KOATUU: <Фалемичі> 0720582004
Unknown KOATUU: <Хворостів> 0720580809
Unknown KOATUU: <Хрипаличі> 0720584802
Unknown KOATUU: <Черчичі> 0720581304
Unknown KOATUU: <Чесний Хрест> 0720585303
Unknown KOATUU: <Чорників> 0720583411
Unknown KOATUU: <Шистів> 0720582005
Unknown KOATUU: <Яковичі> 0720580811
Name mismatch: <городнє> <Городно> <Городне (Любомльский район)> 723382402
Name mismatch: <сокіл> <Сокіл стара назва Сокуль> <Сокол (Рожищенский район)> 724586201
Unknown KOATUU: <Завітне> 6523583002
Name mismatch: <козіївка> <Красне Перше> <> 3223185102
Name mismatch: <глибочка> <Глибічка> <> 3220485102
Name mismatch: <одноріг> <Однорог> <> 3220485302
Unknown KOATUU: <Димитрове> 3221283203
Unknown KOATUU: <Перемога> 3221283205
Unknown KOATUU: <Скибин> 3221283207
Unknown KOATUU: <Лебедівка> 3225581203
Unknown KOATUU: <Перше Травня> 3224682803
Name mismatch: <насташка> <Насташівка> <> 3223783501
Unknown KOATUU: <Дубова> 3223584404
Unknown KOATUU: <Дубова> 3223584404
Unknown KOATUU: <Міхлівщина> 3223584402
Unknown KOATUU: <Чапаєве> 3223584403
Name mismatch: <перещепине> <Переще́пине> <Перещепино> 1223210500
Unknown KOATUU: <Васильківка> 12 207 551
Unknown KOATUU: <Кринички> 12 220 551
Name mismatch: <бутовщина> <Атинське> <Атинское (Белопольский район)> 5920655302
Name mismatch: <березенщина> <Березанщина> <> 3221487002
Name mismatch: <ксаверівка друга> <Ксаверівка> <> 3221484303
Name mismatch: <боярка> <Мала Боярка> <> 5120282604
Name mismatch: <червоноармійське> <Червоноармійське (Кубей)> <> 5121487001
Name mismatch: <веселинівка> <Веселинівка<br/>Veselynivka> <> 5121283103
Unknown KOATUU: <Андріївка> 4026980201
Name mismatch: <мала олександрівка> <Мала Олександрівка<br/>Alexandrovka> <> 5122985605
Name mismatch: <катеринівка перша> <Катеринівка> <> 5123383802
Unknown KOATUU: <Кача> 4026955300
Unknown KOATUU: <Чучмани> 4620681205
Name mismatch: <буковина> <Букавина> <> 4621581202
Name mismatch: <ладан> <Линовиця> <Линовица> 7424155400
Unknown KOATUU: <Горішній> 4623683302
Name mismatch: <милошевичі> <Милошовичі> <> 4623685904
Unknown KOATUU: <Вороновиця> 0520655300
Unknown KOATUU: <Десна> 0520655500
Unknown KOATUU: <Стрижавка> 0520655900
Name mismatch: <нижнє гусне> <Нижнє Гусине> <> 4625581602
Name mismatch: <максимівка> <Лібухова> <> 4625186103
Unknown KOATUU: <Діброва> 4625388404
Name mismatch: <лозино> <Лозина> <> 4625885201
Name mismatch: <рясне-руське> <Рясна-Руська> <> 4625887501
Unknown KOATUU: <Тучапи> 4620997878
Unknown KOATUU: <Лісне> 2320983004
Name mismatch: <великобілозерська/с.велика білозерка> <Велика Білозерка> <Великая Белозёрка> 2321180100
Name mismatch: <білейки> <Білики> <> 7422080601
Name mismatch: <карпоки> <Карпоки (Нині Лайт)> <> 7422089302
Name mismatch: <червоний пахар> <Степ> <> 7423382403
Name mismatch: <нечаівка> <Нечаївка> <Нечаевка (Бурынский район)> 5920982403
Name mismatch: <іздецьке> <Їздецьке> <Ездецкое (Великописаревский район)> 5921280503
Name mismatch: <поділки> <Подільки> <Подолки (Липоводолинский район)> 5923284401
Name mismatch: <мухувате> <Муховате> <Муховатое (Недригайловский район)> 5923583408
Name mismatch: <немудруі> <Немудруї> <Немудруи (Недригайловский район)> 5923584404
Unknown KOATUU: <Вирішальне> 5320487503
Unknown KOATUU: <Жовтневе> 5320487504
Unknown KOATUU: <Дикове> 5320687603
Name mismatch: <заможне> <Заможне (до 1964 Броварки)> <Заможное (Глобинский район)> 5320682501
Name mismatch: <волошкове> <Волошкове-ст.Хрести-Хрещатик-села-Хрьос.тлумачиться  шлях> <Волошковое (Зеньковский район)> 5321387203
Name mismatch: <слиньківщина> <Слинківщина> <Слинковщина (Зеньковский район)> 5321386404
Name mismatch: <хорішки> <Хорішки (Козельщинський район)> <Хоришки (Козельщинский район)> 5322085001
Name mismatch: <дзержинське> <Дзержинське</br>(хутір Золотаревського,</br>Безборошняні хутори)> <Дзержинское (Кременчугский район)> 5322484402
Name mismatch: <червона знам'янка> <Червона Знам'янка (Богомолівка)> <Червоная Знаменка (Кременчугский район)> 5322486301
Name mismatch: <яшники> <Ячники> <Ячники (Лохвицкий район)> 5322686205
Name mismatch: <чортомлик> <Чортомли́к> <Чертомлык> 1212145700
Unknown KOATUU: <Дашів> 0521255400
Unknown KOATUU: <Брикуля> 6825480203
Unknown KOATUU: <Бронники> 6825480203
Unknown KOATUU: <Велика Медведівка> 6825480203
Unknown KOATUU: <Вишневе> 6825480203
Name mismatch: <потеряйки горові> <Потеряйки-Горові> <> 5324281509
Name mismatch: <луговики> <Луговики́> <> 5325182301
Name mismatch: <палагеївка> <Пелагеївка> <> 5325780803
Unknown KOATUU: <Берестове> 6320686502
Unknown KOATUU: <Берестове> 6320686502
Unknown KOATUU: <Слизневе> 6321485519
Unknown KOATUU: <Широке> 6321484521
Unknown KOATUU: <Миколаївка> 6321483003
Name mismatch: <основинці> <Осно́винці> <Основинцы (Краснокутский район)> 6323555101
Name mismatch: <корпилівка> <Корчик> <> 6825555301
Name mismatch: <нігинська/с.нігин> <Нігин> <> 6822485400
Unknown KOATUU: <Вільшани> 6820984702
Unknown KOATUU: <Вочківці> 6820984703
Unknown KOATUU: <Дзеленці> 6820980903
Unknown KOATUU: <Петрівщина> 6820984705
Name mismatch: <велика побійна> <Велика Побійна - назва пішла від великого побоїща з монголо-татарами> <> 6821880901
Unknown KOATUU: <Панасівка> 6821881504
Name mismatch: <червоноград> <Гірник> <> 4611800000
Name mismatch: <човгузів> <Човгузів.> <> 6824786501
Unknown KOATUU: <Заріччя> 120781302
Name mismatch: <уляновка> <Улянівка> <Ульяновка (Николаевский район)> 5123585001
Unknown KOATUU: <Олександрівка> 4823686504
Unknown KOATUU: <Мартинівське> 4822084540
Unknown KOATUU: <Мартинівське> 4822084540
Unknown KOATUU: <Гладкове> 4420988202
Unknown KOATUU: <Калинова Балка> 4420988203
Unknown KOATUU: <Миколаївка> 4420988206
Name mismatch: <ганусівка> <Ганнусівка> <> 4423380701
Name mismatch: <піски> <ПіскиД> <> 4423385901
Unknown KOATUU: <Новогригорівка> 4424585505
Unknown KOATUU: <Сміле> 4424555106
Unknown KOATUU: <Степове> 4424585508
Name mismatch: <первомайськ> <Первомайське> <> 3523185202
Name mismatch: <свердловка> <Свердлівка> <> 3525286902
Name mismatch: <овідіополь> <Авангард> <Авангард (Одесская область)> 5123755100
Name mismatch: <вознесенська/с.вознесенське> <Вознесенське> <Вознесенское (Золотоношский район)> 7121582000
Unknown KOATUU: <Любимівка> 6523583001
Unknown KOATUU: <Лісове> 3520555???
Unknown KOATUU: <Лозниця> 1823787309
